2021-08-09 11:29:59.955 [restartedMain] INFO  com.sptek.es.EsCmpApiApplication - Starting EsCmpApiApplication using Java 1.8.0_111 on LAPTOP-EG6G9I10 with PID 23112 (D:\STS4-Workspace\es_cmp_api\target\classes started by Sun-Kyu Park in D:\STS4-Workspace\es_cmp_api)
2021-08-09 11:29:59.956 [restartedMain] INFO  com.sptek.es.EsCmpApiApplication - No active profile set, falling back to default profiles: default
2021-08-09 11:29:59.980 [restartedMain] INFO  o.s.b.d.e.DevToolsPropertyDefaultsPostProcessor - Devtools property defaults active! Set 'spring.devtools.add-properties' to 'false' to disable
2021-08-09 11:30:00.209 [restartedMain] INFO  o.s.d.r.c.RepositoryConfigurationDelegate - Bootstrapping Spring Data Elasticsearch repositories in DEFAULT mode.
2021-08-09 11:30:00.217 [restartedMain] INFO  o.s.d.r.c.RepositoryConfigurationDelegate - Finished Spring Data repository scanning in 4 ms. Found 0 Elasticsearch repository interfaces.
2021-08-09 11:30:00.222 [restartedMain] INFO  o.s.d.r.c.RepositoryConfigurationDelegate - Bootstrapping Spring Data Reactive Elasticsearch repositories in DEFAULT mode.
2021-08-09 11:30:00.223 [restartedMain] INFO  o.s.d.r.c.RepositoryConfigurationDelegate - Finished Spring Data repository scanning in 1 ms. Found 0 Reactive Elasticsearch repository interfaces.
2021-08-09 11:30:00.720 [restartedMain] INFO  o.s.d.e.support.VersionInfo - Version Spring Data Elasticsearch: 4.2.3
2021-08-09 11:30:00.721 [restartedMain] INFO  o.s.d.e.support.VersionInfo - Version Elasticsearch Client in build: 7.12.1
2021-08-09 11:30:00.721 [restartedMain] INFO  o.s.d.e.support.VersionInfo - Version Elasticsearch Client used: 7.12.1
2021-08-09 11:30:00.721 [restartedMain] INFO  o.s.d.e.support.VersionInfo - Version Elasticsearch cluster: 7.10.0
2021-08-09 11:30:00.721 [restartedMain] WARN  o.s.d.e.support.VersionInfo - Version mismatch in between Elasticsearch Client and Cluster: 7.12.1 - 7.10.0
2021-08-09 11:30:00.752 [restartedMain] INFO  o.s.b.d.a.OptionalLiveReloadServer - LiveReload server is running on port 35729
2021-08-09 11:30:00.764 [restartedMain] INFO  com.sptek.es.EsCmpApiApplication - Started EsCmpApiApplication in 1.078 seconds (JVM running for 1.949)
2021-08-09 13:08:45.395 [restartedMain] INFO  com.sptek.es.EsCmpApiApplication - Starting EsCmpApiApplication using Java 1.8.0_111 on LAPTOP-EG6G9I10 with PID 23112 (D:\STS4-Workspace\es_cmp_api\target\classes started by Sun-Kyu Park in D:\STS4-Workspace\es_cmp_api)
2021-08-09 13:08:45.395 [restartedMain] INFO  com.sptek.es.EsCmpApiApplication - No active profile set, falling back to default profiles: default
2021-08-09 13:08:45.453 [restartedMain] INFO  o.s.d.r.c.RepositoryConfigurationDelegate - Bootstrapping Spring Data Elasticsearch repositories in DEFAULT mode.
2021-08-09 13:08:45.455 [restartedMain] INFO  o.s.d.r.c.RepositoryConfigurationDelegate - Finished Spring Data repository scanning in 0 ms. Found 0 Elasticsearch repository interfaces.
2021-08-09 13:08:45.455 [restartedMain] INFO  o.s.d.r.c.RepositoryConfigurationDelegate - Bootstrapping Spring Data Reactive Elasticsearch repositories in DEFAULT mode.
2021-08-09 13:08:45.455 [restartedMain] INFO  o.s.d.r.c.RepositoryConfigurationDelegate - Finished Spring Data repository scanning in 0 ms. Found 0 Reactive Elasticsearch repository interfaces.
2021-08-09 13:08:48.502 [restartedMain] INFO  o.s.b.d.a.OptionalLiveReloadServer - LiveReload server is running on port 35729
2021-08-09 13:08:48.507 [restartedMain] INFO  com.sptek.es.EsCmpApiApplication - Started EsCmpApiApplication in 3.134 seconds (JVM running for 5929.691)
2021-08-09 13:08:48.508 [restartedMain] INFO  o.s.b.d.a.ConditionEvaluationDeltaLoggingListener - Condition evaluation unchanged
2021-08-09 13:37:38.846 [restartedMain] INFO  com.sptek.es.EsCmpApiApplication - Starting EsCmpApiApplication using Java 1.8.0_111 on LAPTOP-EG6G9I10 with PID 23112 (D:\STS4-Workspace\es_cmp_api\target\classes started by Sun-Kyu Park in D:\STS4-Workspace\es_cmp_api)
2021-08-09 13:37:38.847 [restartedMain] INFO  com.sptek.es.EsCmpApiApplication - No active profile set, falling back to default profiles: default
2021-08-09 13:37:38.923 [restartedMain] INFO  o.s.d.r.c.RepositoryConfigurationDelegate - Bootstrapping Spring Data Elasticsearch repositories in DEFAULT mode.
2021-08-09 13:37:38.925 [restartedMain] INFO  o.s.d.r.c.RepositoryConfigurationDelegate - Finished Spring Data repository scanning in 1 ms. Found 0 Elasticsearch repository interfaces.
2021-08-09 13:37:38.925 [restartedMain] INFO  o.s.d.r.c.RepositoryConfigurationDelegate - Bootstrapping Spring Data Reactive Elasticsearch repositories in DEFAULT mode.
2021-08-09 13:37:38.927 [restartedMain] INFO  o.s.d.r.c.RepositoryConfigurationDelegate - Finished Spring Data repository scanning in 1 ms. Found 0 Reactive Elasticsearch repository interfaces.
2021-08-09 13:37:39.017 [restartedMain] INFO  o.s.b.d.a.OptionalLiveReloadServer - LiveReload server is running on port 35729
2021-08-09 13:37:39.028 [restartedMain] INFO  com.sptek.es.EsCmpApiApplication - Started EsCmpApiApplication in 0.209 seconds (JVM running for 7660.213)
2021-08-09 13:37:39.030 [restartedMain] INFO  o.s.b.d.a.ConditionEvaluationDeltaLoggingListener - Condition evaluation unchanged
2021-08-09 13:37:50.753 [restartedMain] INFO  com.sptek.es.EsCmpApiApplication - Starting EsCmpApiApplication using Java 1.8.0_111 on LAPTOP-EG6G9I10 with PID 23112 (D:\STS4-Workspace\es_cmp_api\target\classes started by Sun-Kyu Park in D:\STS4-Workspace\es_cmp_api)
2021-08-09 13:37:50.753 [restartedMain] INFO  com.sptek.es.EsCmpApiApplication - No active profile set, falling back to default profiles: default
2021-08-09 13:37:50.808 [restartedMain] INFO  o.s.d.r.c.RepositoryConfigurationDelegate - Bootstrapping Spring Data Elasticsearch repositories in DEFAULT mode.
2021-08-09 13:37:50.811 [restartedMain] INFO  o.s.d.r.c.RepositoryConfigurationDelegate - Finished Spring Data repository scanning in 2 ms. Found 0 Elasticsearch repository interfaces.
2021-08-09 13:37:50.812 [restartedMain] INFO  o.s.d.r.c.RepositoryConfigurationDelegate - Bootstrapping Spring Data Reactive Elasticsearch repositories in DEFAULT mode.
2021-08-09 13:37:50.813 [restartedMain] INFO  o.s.d.r.c.RepositoryConfigurationDelegate - Finished Spring Data repository scanning in 1 ms. Found 0 Reactive Elasticsearch repository interfaces.
2021-08-09 13:37:50.860 [restartedMain] INFO  o.s.b.d.a.OptionalLiveReloadServer - LiveReload server is running on port 35729
2021-08-09 13:37:50.864 [restartedMain] INFO  com.sptek.es.EsCmpApiApplication - Started EsCmpApiApplication in 0.128 seconds (JVM running for 7672.049)
2021-08-09 13:37:50.864 [restartedMain] INFO  o.s.b.d.a.ConditionEvaluationDeltaLoggingListener - Condition evaluation unchanged
2021-08-09 13:37:59.061 [restartedMain] INFO  com.sptek.es.EsCmpApiApplication - Starting EsCmpApiApplication using Java 1.8.0_111 on LAPTOP-EG6G9I10 with PID 23112 (D:\STS4-Workspace\es_cmp_api\target\classes started by Sun-Kyu Park in D:\STS4-Workspace\es_cmp_api)
2021-08-09 13:37:59.061 [restartedMain] INFO  com.sptek.es.EsCmpApiApplication - No active profile set, falling back to default profiles: default
2021-08-09 13:37:59.116 [restartedMain] INFO  o.s.d.r.c.RepositoryConfigurationDelegate - Bootstrapping Spring Data Elasticsearch repositories in DEFAULT mode.
2021-08-09 13:37:59.117 [restartedMain] INFO  o.s.d.r.c.RepositoryConfigurationDelegate - Finished Spring Data repository scanning in 1 ms. Found 0 Elasticsearch repository interfaces.
2021-08-09 13:37:59.117 [restartedMain] INFO  o.s.d.r.c.RepositoryConfigurationDelegate - Bootstrapping Spring Data Reactive Elasticsearch repositories in DEFAULT mode.
2021-08-09 13:37:59.118 [restartedMain] INFO  o.s.d.r.c.RepositoryConfigurationDelegate - Finished Spring Data repository scanning in 0 ms. Found 0 Reactive Elasticsearch repository interfaces.
2021-08-09 13:37:59.150 [restartedMain] INFO  o.s.b.d.a.OptionalLiveReloadServer - LiveReload server is running on port 35729
2021-08-09 13:37:59.153 [restartedMain] INFO  com.sptek.es.EsCmpApiApplication - Started EsCmpApiApplication in 0.109 seconds (JVM running for 7680.338)
2021-08-09 13:37:59.154 [restartedMain] INFO  o.s.b.d.a.ConditionEvaluationDeltaLoggingListener - Condition evaluation unchanged
2021-08-09 13:38:00.638 [restartedMain] INFO  com.sptek.es.EsCmpApiApplication - Starting EsCmpApiApplication using Java 1.8.0_111 on LAPTOP-EG6G9I10 with PID 23112 (D:\STS4-Workspace\es_cmp_api\target\classes started by Sun-Kyu Park in D:\STS4-Workspace\es_cmp_api)
2021-08-09 13:38:00.639 [restartedMain] INFO  com.sptek.es.EsCmpApiApplication - No active profile set, falling back to default profiles: default
2021-08-09 13:38:00.705 [restartedMain] INFO  o.s.d.r.c.RepositoryConfigurationDelegate - Bootstrapping Spring Data Elasticsearch repositories in DEFAULT mode.
2021-08-09 13:38:00.708 [restartedMain] INFO  o.s.d.r.c.RepositoryConfigurationDelegate - Finished Spring Data repository scanning in 1 ms. Found 0 Elasticsearch repository interfaces.
2021-08-09 13:38:00.708 [restartedMain] INFO  o.s.d.r.c.RepositoryConfigurationDelegate - Bootstrapping Spring Data Reactive Elasticsearch repositories in DEFAULT mode.
2021-08-09 13:38:00.709 [restartedMain] INFO  o.s.d.r.c.RepositoryConfigurationDelegate - Finished Spring Data repository scanning in 0 ms. Found 0 Reactive Elasticsearch repository interfaces.
2021-08-09 13:38:00.763 [restartedMain] INFO  o.s.b.d.a.OptionalLiveReloadServer - LiveReload server is running on port 35729
2021-08-09 13:38:00.766 [restartedMain] INFO  com.sptek.es.EsCmpApiApplication - Started EsCmpApiApplication in 0.145 seconds (JVM running for 7681.951)
2021-08-09 13:38:00.767 [restartedMain] INFO  o.s.b.d.a.ConditionEvaluationDeltaLoggingListener - Condition evaluation unchanged
2021-08-09 13:38:03.872 [RMI TCP Connection(137)-127.0.0.1] INFO  o.s.b.a.SpringApplicationAdminMXBeanRegistrar$SpringApplicationAdmin - Application shutdown requested.
